/home/eric/yolo_ros_ws/install/py_pubsub/lib/python3.8/site-packages/py_pubsub/darknet_video.py
/home/eric/yolo_ros_ws/install/py_pubsub/lib/python3.8/site-packages/py_pubsub/yolo_custom_detect.py
/home/eric/yolo_ros_ws/install/py_pubsub/lib/python3.8/site-packages/py_pubsub/subscriber_member_function.py
/home/eric/yolo_ros_ws/install/py_pubsub/lib/python3.8/site-packages/py_pubsub/publisher_member_function.py
/home/eric/yolo_ros_ws/install/py_pubsub/lib/python3.8/site-packages/py_pubsub/__init__.py
/home/eric/yolo_ros_ws/install/py_pubsub/lib/python3.8/site-packages/py_pubsub/submodule/darknet_video.py
/home/eric/yolo_ros_ws/install/py_pubsub/lib/python3.8/site-packages/py_pubsub/submodule/darknet.py
/home/eric/yolo_ros_ws/install/py_pubsub/lib/python3.8/site-packages/py_pubsub/submodule/test.py
/home/eric/yolo_ros_ws/install/py_pubsub/lib/python3.8/site-packages/py_pubsub/submodule/__init__.py
/home/eric/yolo_ros_ws/install/py_pubsub/lib/python3.8/site-packages/py_pubsub/__pycache__/darknet_video.cpython-38.pyc
/home/eric/yolo_ros_ws/install/py_pubsub/lib/python3.8/site-packages/py_pubsub/__pycache__/yolo_custom_detect.cpython-38.pyc
/home/eric/yolo_ros_ws/install/py_pubsub/lib/python3.8/site-packages/py_pubsub/__pycache__/subscriber_member_function.cpython-38.pyc
/home/eric/yolo_ros_ws/install/py_pubsub/lib/python3.8/site-packages/py_pubsub/__pycache__/publisher_member_function.cpython-38.pyc
/home/eric/yolo_ros_ws/install/py_pubsub/lib/python3.8/site-packages/py_pubsub/__pycache__/__init__.cpython-38.pyc
/home/eric/yolo_ros_ws/install/py_pubsub/lib/python3.8/site-packages/py_pubsub/submodule/__pycache__/darknet_video.cpython-38.pyc
/home/eric/yolo_ros_ws/install/py_pubsub/lib/python3.8/site-packages/py_pubsub/submodule/__pycache__/darknet.cpython-38.pyc
/home/eric/yolo_ros_ws/install/py_pubsub/lib/python3.8/site-packages/py_pubsub/submodule/__pycache__/test.cpython-38.pyc
/home/eric/yolo_ros_ws/install/py_pubsub/lib/python3.8/site-packages/py_pubsub/submodule/__pycache__/__init__.cpython-38.pyc
/home/eric/yolo_ros_ws/install/py_pubsub/share/ament_index/resource_index/packages/py_pubsub
/home/eric/yolo_ros_ws/install/py_pubsub/share/py_pubsub/package.xml
/home/eric/yolo_ros_ws/install/py_pubsub/lib/python3.8/site-packages/py_pubsub-0.0.0-py3.8.egg-info/entry_points.txt
/home/eric/yolo_ros_ws/install/py_pubsub/lib/python3.8/site-packages/py_pubsub-0.0.0-py3.8.egg-info/requires.txt
/home/eric/yolo_ros_ws/install/py_pubsub/lib/python3.8/site-packages/py_pubsub-0.0.0-py3.8.egg-info/SOURCES.txt
/home/eric/yolo_ros_ws/install/py_pubsub/lib/python3.8/site-packages/py_pubsub-0.0.0-py3.8.egg-info/dependency_links.txt
/home/eric/yolo_ros_ws/install/py_pubsub/lib/python3.8/site-packages/py_pubsub-0.0.0-py3.8.egg-info/zip-safe
/home/eric/yolo_ros_ws/install/py_pubsub/lib/python3.8/site-packages/py_pubsub-0.0.0-py3.8.egg-info/PKG-INFO
/home/eric/yolo_ros_ws/install/py_pubsub/lib/python3.8/site-packages/py_pubsub-0.0.0-py3.8.egg-info/top_level.txt
/home/eric/yolo_ros_ws/install/py_pubsub/lib/py_pubsub/listener
/home/eric/yolo_ros_ws/install/py_pubsub/lib/py_pubsub/talker
