[0.518s] Invoking command in '/home/eric/yolo_ros_ws/src/py_pubsub': PYTHONPATH=/home/eric/yolo_ros_ws/install/py_pubsub/lib/python3.8/site-packages:${PYTHONPATH} /usr/bin/python3 setup.py egg_info --egg-base ../../build/py_pubsub build --build-base /home/eric/yolo_ros_ws/build/py_pubsub/build install --prefix /home/eric/yolo_ros_ws/install/py_pubsub --record /home/eric/yolo_ros_ws/build/py_pubsub/install.log --single-version-externally-managed
[0.683s] running egg_info
[0.683s] creating ../../build/py_pubsub/py_pubsub.egg-info
[0.683s] writing ../../build/py_pubsub/py_pubsub.egg-info/PKG-INFO
[0.683s] writing dependency_links to ../../build/py_pubsub/py_pubsub.egg-info/dependency_links.txt
[0.683s] writing entry points to ../../build/py_pubsub/py_pubsub.egg-info/entry_points.txt
[0.683s] writing requirements to ../../build/py_pubsub/py_pubsub.egg-info/requires.txt
[0.683s] writing top-level names to ../../build/py_pubsub/py_pubsub.egg-info/top_level.txt
[0.686s] writing manifest file '../../build/py_pubsub/py_pubsub.egg-info/SOURCES.txt'
[0.711s] reading manifest file '../../build/py_pubsub/py_pubsub.egg-info/SOURCES.txt'
[0.712s] writing manifest file '../../build/py_pubsub/py_pubsub.egg-info/SOURCES.txt'
[0.712s] running build
[0.712s] running build_py
[0.712s] creating /home/eric/yolo_ros_ws/build/py_pubsub/build
[0.712s] creating /home/eric/yolo_ros_ws/build/py_pubsub/build/lib
[0.712s] creating /home/eric/yolo_ros_ws/build/py_pubsub/build/lib/py_pubsub
[0.712s] copying py_pubsub/subscriber_member_function.py -> /home/eric/yolo_ros_ws/build/py_pubsub/build/lib/py_pubsub
[0.712s] copying py_pubsub/publisher_member_function.py -> /home/eric/yolo_ros_ws/build/py_pubsub/build/lib/py_pubsub
[0.712s] copying py_pubsub/__init__.py -> /home/eric/yolo_ros_ws/build/py_pubsub/build/lib/py_pubsub
[0.713s] running install
[0.713s] running install_lib
[0.714s] creating /home/eric/yolo_ros_ws/install/py_pubsub/lib/python3.8/site-packages/py_pubsub
[0.714s] copying /home/eric/yolo_ros_ws/build/py_pubsub/build/lib/py_pubsub/subscriber_member_function.py -> /home/eric/yolo_ros_ws/install/py_pubsub/lib/python3.8/site-packages/py_pubsub
[0.714s] copying /home/eric/yolo_ros_ws/build/py_pubsub/build/lib/py_pubsub/publisher_member_function.py -> /home/eric/yolo_ros_ws/install/py_pubsub/lib/python3.8/site-packages/py_pubsub
[0.714s] copying /home/eric/yolo_ros_ws/build/py_pubsub/build/lib/py_pubsub/__init__.py -> /home/eric/yolo_ros_ws/install/py_pubsub/lib/python3.8/site-packages/py_pubsub
[0.714s] byte-compiling /home/eric/yolo_ros_ws/install/py_pubsub/lib/python3.8/site-packages/py_pubsub/subscriber_member_function.py to subscriber_member_function.cpython-38.pyc
[0.715s] byte-compiling /home/eric/yolo_ros_ws/install/py_pubsub/lib/python3.8/site-packages/py_pubsub/publisher_member_function.py to publisher_member_function.cpython-38.pyc
[0.715s] byte-compiling /home/eric/yolo_ros_ws/install/py_pubsub/lib/python3.8/site-packages/py_pubsub/__init__.py to __init__.cpython-38.pyc
[0.715s] running install_data
[0.716s] creating /home/eric/yolo_ros_ws/install/py_pubsub/share/ament_index
[0.716s] creating /home/eric/yolo_ros_ws/install/py_pubsub/share/ament_index/resource_index
[0.716s] creating /home/eric/yolo_ros_ws/install/py_pubsub/share/ament_index/resource_index/packages
[0.716s] copying resource/py_pubsub -> /home/eric/yolo_ros_ws/install/py_pubsub/share/ament_index/resource_index/packages
[0.716s] copying package.xml -> /home/eric/yolo_ros_ws/install/py_pubsub/share/py_pubsub
[0.716s] running install_egg_info
[0.717s] Copying ../../build/py_pubsub/py_pubsub.egg-info to /home/eric/yolo_ros_ws/install/py_pubsub/lib/python3.8/site-packages/py_pubsub-0.0.0-py3.8.egg-info
[0.718s] running install_scripts
[0.734s] Installing listener script to /home/eric/yolo_ros_ws/install/py_pubsub/lib/py_pubsub
[0.734s] Installing talker script to /home/eric/yolo_ros_ws/install/py_pubsub/lib/py_pubsub
[0.735s] writing list of installed files to '/home/eric/yolo_ros_ws/build/py_pubsub/install.log'
[0.749s] Invoked command in '/home/eric/yolo_ros_ws/src/py_pubsub' returned '0': PYTHONPATH=/home/eric/yolo_ros_ws/install/py_pubsub/lib/python3.8/site-packages:${PYTHONPATH} /usr/bin/python3 setup.py egg_info --egg-base ../../build/py_pubsub build --build-base /home/eric/yolo_ros_ws/build/py_pubsub/build install --prefix /home/eric/yolo_ros_ws/install/py_pubsub --record /home/eric/yolo_ros_ws/build/py_pubsub/install.log --single-version-externally-managed
