[0.478s] Invoking command in '/home/eric/yolo_ros_ws/src/py_pubsub': PYTHONPATH=/home/eric/yolo_ros_ws/install/py_pubsub/lib/python3.8/site-packages:${PYTHONPATH} /usr/bin/python3 setup.py egg_info --egg-base ../../build/py_pubsub build --build-base /home/eric/yolo_ros_ws/build/py_pubsub/build install --prefix /home/eric/yolo_ros_ws/install/py_pubsub --record /home/eric/yolo_ros_ws/build/py_pubsub/install.log --single-version-externally-managed
[0.637s] running egg_info
[0.637s] writing ../../build/py_pubsub/py_pubsub.egg-info/PKG-INFO
[0.638s] writing dependency_links to ../../build/py_pubsub/py_pubsub.egg-info/dependency_links.txt
[0.638s] writing entry points to ../../build/py_pubsub/py_pubsub.egg-info/entry_points.txt
[0.638s] writing requirements to ../../build/py_pubsub/py_pubsub.egg-info/requires.txt
[0.638s] writing top-level names to ../../build/py_pubsub/py_pubsub.egg-info/top_level.txt
[0.663s] reading manifest file '../../build/py_pubsub/py_pubsub.egg-info/SOURCES.txt'
[0.664s] writing manifest file '../../build/py_pubsub/py_pubsub.egg-info/SOURCES.txt'
[0.664s] running build
[0.664s] running build_py
[0.664s] copying py_pubsub/darknet_video.py -> /home/eric/yolo_ros_ws/build/py_pubsub/build/lib/py_pubsub
[0.665s] copying py_pubsub/yolo_custom_detect.py -> /home/eric/yolo_ros_ws/build/py_pubsub/build/lib/py_pubsub
[0.665s] copying py_pubsub/publisher_member_function.py -> /home/eric/yolo_ros_ws/build/py_pubsub/build/lib/py_pubsub
[0.665s] copying py_pubsub/darknet.py -> /home/eric/yolo_ros_ws/build/py_pubsub/build/lib/py_pubsub
[0.665s] running install
[0.670s] running install_lib
[0.670s] copying /home/eric/yolo_ros_ws/build/py_pubsub/build/lib/py_pubsub/darknet_video.py -> /home/eric/yolo_ros_ws/install/py_pubsub/lib/python3.8/site-packages/py_pubsub
[0.671s] copying /home/eric/yolo_ros_ws/build/py_pubsub/build/lib/py_pubsub/yolo_custom_detect.py -> /home/eric/yolo_ros_ws/install/py_pubsub/lib/python3.8/site-packages/py_pubsub
[0.671s] copying /home/eric/yolo_ros_ws/build/py_pubsub/build/lib/py_pubsub/publisher_member_function.py -> /home/eric/yolo_ros_ws/install/py_pubsub/lib/python3.8/site-packages/py_pubsub
[0.671s] copying /home/eric/yolo_ros_ws/build/py_pubsub/build/lib/py_pubsub/darknet.py -> /home/eric/yolo_ros_ws/install/py_pubsub/lib/python3.8/site-packages/py_pubsub
[0.671s] byte-compiling /home/eric/yolo_ros_ws/install/py_pubsub/lib/python3.8/site-packages/py_pubsub/darknet_video.py to darknet_video.cpython-38.pyc
[0.673s] byte-compiling /home/eric/yolo_ros_ws/install/py_pubsub/lib/python3.8/site-packages/py_pubsub/yolo_custom_detect.py to yolo_custom_detect.cpython-38.pyc
[0.673s] byte-compiling /home/eric/yolo_ros_ws/install/py_pubsub/lib/python3.8/site-packages/py_pubsub/publisher_member_function.py to publisher_member_function.cpython-38.pyc
[0.674s] Sorry: TabError: inconsistent use of tabs and spaces in indentation (publisher_member_function.py, line 148)
[0.674s] byte-compiling /home/eric/yolo_ros_ws/install/py_pubsub/lib/python3.8/site-packages/py_pubsub/darknet.py to darknet.cpython-38.pyc
[0.675s] running install_data
[0.676s] running install_egg_info
[0.677s] removing '/home/eric/yolo_ros_ws/install/py_pubsub/lib/python3.8/site-packages/py_pubsub-0.0.0-py3.8.egg-info' (and everything under it)
[0.677s] Copying ../../build/py_pubsub/py_pubsub.egg-info to /home/eric/yolo_ros_ws/install/py_pubsub/lib/python3.8/site-packages/py_pubsub-0.0.0-py3.8.egg-info
[0.678s] running install_scripts
[0.690s] Installing listener script to /home/eric/yolo_ros_ws/install/py_pubsub/lib/py_pubsub
[0.690s] Installing talker script to /home/eric/yolo_ros_ws/install/py_pubsub/lib/py_pubsub
[0.690s] writing list of installed files to '/home/eric/yolo_ros_ws/build/py_pubsub/install.log'
[0.703s] Invoked command in '/home/eric/yolo_ros_ws/src/py_pubsub' returned '0': PYTHONPATH=/home/eric/yolo_ros_ws/install/py_pubsub/lib/python3.8/site-packages:${PYTHONPATH} /usr/bin/python3 setup.py egg_info --egg-base ../../build/py_pubsub build --build-base /home/eric/yolo_ros_ws/build/py_pubsub/build install --prefix /home/eric/yolo_ros_ws/install/py_pubsub --record /home/eric/yolo_ros_ws/build/py_pubsub/install.log --single-version-externally-managed
