[0.010s] Invoking command in '/home/eric/yolo_ros_ws/build/turtlesim': CMAKE_PREFIX_PATH=/opt/ros/foxy /usr/bin/cmake /home/eric/yolo_ros_ws/src/ros_tutorials/turtlesim -DCMAKE_INSTALL_PREFIX=/home/eric/yolo_ros_ws/install/turtlesim
[0.128s] -- The C compiler identification is GNU 9.4.0
[0.221s] -- The CXX compiler identification is GNU 9.4.0
[0.229s] -- Check for working C compiler: /usr/bin/cc
[0.287s] -- Check for working C compiler: /usr/bin/cc -- works
[0.288s] -- Detecting C compiler ABI info
[0.344s] -- Detecting C compiler ABI info - done
[0.355s] -- Detecting C compile features
[0.356s] -- Detecting C compile features - done
[0.358s] -- Check for working CXX compiler: /usr/bin/c++
[0.425s] -- Check for working CXX compiler: /usr/bin/c++ -- works
[0.426s] -- Detecting CXX compiler ABI info
[0.493s] -- Detecting CXX compiler ABI info - done
[0.504s] -- Detecting CXX compile features
[0.504s] -- Detecting CXX compile features - done
[0.508s] -- Found ament_cmake: 0.9.9 (/opt/ros/foxy/share/ament_cmake/cmake)
[0.532s] -- Found PythonInterp: /usr/bin/python3 (found suitable version "3.8.10", minimum required is "3") 
[0.532s] -- Using PYTHON_EXECUTABLE: /usr/bin/python3
[0.707s] -- Found ament_index_cpp: 1.1.0 (/opt/ros/foxy/share/ament_index_cpp/cmake)
[0.712s] -- Found geometry_msgs: 2.0.5 (/opt/ros/foxy/share/geometry_msgs/cmake)
[0.741s] -- Using all available rosidl_typesupport_c: rosidl_typesupport_fastrtps_c;rosidl_typesupport_introspection_c
[0.749s] -- Found rosidl_adapter: 1.2.1 (/opt/ros/foxy/share/rosidl_adapter/cmake)
[0.818s] -- Found OpenSSL: /usr/lib/x86_64-linux-gnu/libcrypto.so (found version "1.1.1f")  
[0.842s] -- Found FastRTPS: /opt/ros/foxy/include  
[0.914s] -- Using all available rosidl_typesupport_cpp: rosidl_typesupport_fastrtps_cpp;rosidl_typesupport_introspection_cpp
[1.012s] -- Found rclcpp: 2.4.1 (/opt/ros/foxy/share/rclcpp/cmake)
[1.057s] -- Found rmw_implementation_cmake: 1.0.3 (/opt/ros/foxy/share/rmw_implementation_cmake/cmake)
[1.059s] -- Using RMW implementation 'rmw_fastrtps_cpp' as default
[1.060s] -- Looking for pthread.h
[1.122s] -- Looking for pthread.h - found
[1.122s] -- Performing Test CMAKE_HAVE_LIBC_PTHREAD
[1.182s] -- Performing Test CMAKE_HAVE_LIBC_PTHREAD - Failed
[1.182s] -- Looking for pthread_create in pthreads
[1.229s] -- Looking for pthread_create in pthreads - not found
[1.229s] -- Looking for pthread_create in pthread
[1.286s] -- Looking for pthread_create in pthread - found
[1.287s] -- Found Threads: TRUE  
[1.421s] -- Found rclcpp_action: 2.4.1 (/opt/ros/foxy/share/rclcpp_action/cmake)
[1.495s] -- Found rosidl_default_generators: 1.0.1 (/opt/ros/foxy/share/rosidl_default_generators/cmake)
[1.506s] -- Found std_srvs: 2.0.5 (/opt/ros/foxy/share/std_srvs/cmake)
[1.533s] -- Found PythonInterp: /usr/bin/python3 (found version "3.8.10") 
[1.691s] -- Found ament_cmake_ros: 0.9.2 (/opt/ros/foxy/share/ament_cmake_ros/cmake)
[1.803s] -- Using all available rosidl_typesupport_c: rosidl_typesupport_fastrtps_c;rosidl_typesupport_introspection_c
[1.824s] -- Using all available rosidl_typesupport_cpp: rosidl_typesupport_fastrtps_cpp;rosidl_typesupport_introspection_cpp
[1.846s] -- Found PythonInterp: /usr/bin/python3 (found suitable version "3.8.10", minimum required is "3.5") 
[1.847s] -- Found python_cmake_module: 0.8.1 (/opt/ros/foxy/share/python_cmake_module/cmake)
[1.870s] -- Found PythonLibs: /usr/lib/x86_64-linux-gnu/libpython3.8.so (found suitable version "3.8.10", minimum required is "3.5") 
[1.870s] -- Using PYTHON_EXECUTABLE: /usr/bin/python3
[1.870s] -- Using PYTHON_INCLUDE_DIRS: /usr/include/python3.8
[1.870s] -- Using PYTHON_LIBRARIES: /usr/lib/x86_64-linux-gnu/libpython3.8.so
[1.888s] -- Found PythonExtra: .so  
[1.947s] -- Configuring done
[2.024s] -- Generating done
[2.027s] -- Build files have been written to: /home/eric/yolo_ros_ws/build/turtlesim
[2.036s] Invoked command in '/home/eric/yolo_ros_ws/build/turtlesim' returned '0': CMAKE_PREFIX_PATH=/opt/ros/foxy /usr/bin/cmake /home/eric/yolo_ros_ws/src/ros_tutorials/turtlesim -DCMAKE_INSTALL_PREFIX=/home/eric/yolo_ros_ws/install/turtlesim
[2.039s] Invoking command in '/home/eric/yolo_ros_ws/build/turtlesim': CMAKE_PREFIX_PATH=/opt/ros/foxy /usr/bin/cmake --build /home/eric/yolo_ros_ws/build/turtlesim -- -j12 -l12
[2.075s] [  1%] [34m[1mGenerating C code for ROS interfaces[0m
[2.075s] [35m[1mScanning dependencies of target turtlesim__cpp[0m
[2.083s] [  2%] [34m[1mGenerating C++ code for ROS interfaces[0m
[2.702s] [  2%] Built target turtlesim__cpp
[2.714s] [  3%] [34m[1mGenerating C++ type support dispatch for ROS interfaces[0m
[2.721s] [  4%] [34m[1mGenerating C++ type support for eProsima Fast-RTPS[0m
[2.721s] [  5%] [34m[1mGenerating C++ introspection for ROS interfaces[0m
[2.737s] [35m[1mScanning dependencies of target turtlesim__rosidl_generator_c[0m
[2.754s] [  6%] [32mBuilding C object CMakeFiles/turtlesim__rosidl_generator_c.dir/rosidl_generator_c/turtlesim/msg/detail/pose__functions.c.o[0m
[2.755s] [  8%] [32mBuilding C object CMakeFiles/turtlesim__rosidl_generator_c.dir/rosidl_generator_c/turtlesim/action/detail/rotate_absolute__functions.c.o[0m
[2.755s] [  8%] [32mBuilding C object CMakeFiles/turtlesim__rosidl_generator_c.dir/rosidl_generator_c/turtlesim/msg/detail/color__functions.c.o[0m
[2.755s] [  9%] [32mBuilding C object CMakeFiles/turtlesim__rosidl_generator_c.dir/rosidl_generator_c/turtlesim/srv/detail/kill__functions.c.o[0m
[2.755s] [ 10%] [32mBuilding C object CMakeFiles/turtlesim__rosidl_generator_c.dir/rosidl_generator_c/turtlesim/srv/detail/set_pen__functions.c.o[0m
[2.755s] [ 11%] [32mBuilding C object CMakeFiles/turtlesim__rosidl_generator_c.dir/rosidl_generator_c/turtlesim/srv/detail/spawn__functions.c.o[0m
[2.755s] [ 12%] [32mBuilding C object CMakeFiles/turtlesim__rosidl_generator_c.dir/rosidl_generator_c/turtlesim/srv/detail/teleport_absolute__functions.c.o[0m
[2.756s] [ 13%] [32mBuilding C object CMakeFiles/turtlesim__rosidl_generator_c.dir/rosidl_generator_c/turtlesim/srv/detail/teleport_relative__functions.c.o[0m
[2.837s] [ 14%] [32m[1mLinking C shared library libturtlesim__rosidl_generator_c.so[0m
[2.871s] [ 14%] Built target turtlesim__rosidl_generator_c
[2.880s] [ 16%] [34m[1mGenerating C introspection for ROS interfaces[0m
[2.880s] [ 16%] [34m[1mGenerating C type support dispatch for ROS interfaces[0m
[3.121s] [35m[1mScanning dependencies of target turtlesim__rosidl_typesupport_cpp[0m
[3.142s] [ 20%] [32mBuilding CXX object CMakeFiles/turtlesim__rosidl_typesupport_cpp.dir/rosidl_typesupport_cpp/turtlesim/msg/color__type_support.cpp.o[0m
[3.142s] [ 20%] [32mBuilding CXX object CMakeFiles/turtlesim__rosidl_typesupport_cpp.dir/rosidl_typesupport_cpp/turtlesim/msg/pose__type_support.cpp.o[0m
[3.143s] [ 20%] [32mBuilding CXX object CMakeFiles/turtlesim__rosidl_typesupport_cpp.dir/rosidl_typesupport_cpp/turtlesim/srv/kill__type_support.cpp.o[0m
[3.143s] [ 21%] [32mBuilding CXX object CMakeFiles/turtlesim__rosidl_typesupport_cpp.dir/rosidl_typesupport_cpp/turtlesim/srv/set_pen__type_support.cpp.o[0m
[3.143s] [ 20%] [32mBuilding CXX object CMakeFiles/turtlesim__rosidl_typesupport_cpp.dir/rosidl_typesupport_cpp/turtlesim/action/rotate_absolute__type_support.cpp.o[0m
[3.143s] [ 22%] [32mBuilding CXX object CMakeFiles/turtlesim__rosidl_typesupport_cpp.dir/rosidl_typesupport_cpp/turtlesim/srv/teleport_absolute__type_support.cpp.o[0m
[3.143s] [ 23%] [32mBuilding CXX object CMakeFiles/turtlesim__rosidl_typesupport_cpp.dir/rosidl_typesupport_cpp/turtlesim/srv/teleport_relative__type_support.cpp.o[0m
[3.144s] [ 24%] [32mBuilding CXX object CMakeFiles/turtlesim__rosidl_typesupport_cpp.dir/rosidl_typesupport_cpp/turtlesim/srv/spawn__type_support.cpp.o[0m
[3.420s] [35m[1mScanning dependencies of target turtlesim__rosidl_typesupport_c[0m
[3.443s] [35m[1mScanning dependencies of target turtlesim__rosidl_typesupport_introspection_cpp[0m
[3.451s] [ 25%] [32mBuilding CXX object CMakeFiles/turtlesim__rosidl_typesupport_c.dir/rosidl_typesupport_c/turtlesim/action/rotate_absolute__type_support.cpp.o[0m
[3.471s] [ 26%] [32mBuilding CXX object CMakeFiles/turtlesim__rosidl_typesupport_introspection_cpp.dir/rosidl_typesupport_introspection_cpp/turtlesim/action/detail/rotate_absolute__type_support.cpp.o[0m
[3.517s] [ 27%] [32mBuilding CXX object CMakeFiles/turtlesim__rosidl_typesupport_c.dir/rosidl_typesupport_c/turtlesim/msg/color__type_support.cpp.o[0m
[3.528s] [ 28%] [32mBuilding CXX object CMakeFiles/turtlesim__rosidl_typesupport_c.dir/rosidl_typesupport_c/turtlesim/msg/pose__type_support.cpp.o[0m
[3.530s] [ 29%] [32mBuilding CXX object CMakeFiles/turtlesim__rosidl_typesupport_c.dir/rosidl_typesupport_c/turtlesim/srv/kill__type_support.cpp.o[0m
[3.542s] [ 31%] [32mBuilding CXX object CMakeFiles/turtlesim__rosidl_typesupport_c.dir/rosidl_typesupport_c/turtlesim/srv/teleport_absolute__type_support.cpp.o[0m
[3.542s] [ 31%] [32mBuilding CXX object CMakeFiles/turtlesim__rosidl_typesupport_c.dir/rosidl_typesupport_c/turtlesim/srv/set_pen__type_support.cpp.o[0m
[3.542s] [ 32%] [32mBuilding CXX object CMakeFiles/turtlesim__rosidl_typesupport_c.dir/rosidl_typesupport_c/turtlesim/srv/spawn__type_support.cpp.o[0m
[3.555s] [ 33%] [32mBuilding CXX object CMakeFiles/turtlesim__rosidl_typesupport_c.dir/rosidl_typesupport_c/turtlesim/srv/teleport_relative__type_support.cpp.o[0m
[3.573s] [ 34%] [32mBuilding CXX object CMakeFiles/turtlesim__rosidl_typesupport_introspection_cpp.dir/rosidl_typesupport_introspection_cpp/turtlesim/msg/detail/color__type_support.cpp.o[0m
[3.581s] [ 35%] [32mBuilding CXX object CMakeFiles/turtlesim__rosidl_typesupport_introspection_cpp.dir/rosidl_typesupport_introspection_cpp/turtlesim/msg/detail/pose__type_support.cpp.o[0m
[3.583s] [ 36%] [32mBuilding CXX object CMakeFiles/turtlesim__rosidl_typesupport_introspection_cpp.dir/rosidl_typesupport_introspection_cpp/turtlesim/srv/detail/kill__type_support.cpp.o[0m
[3.584s] [ 37%] [32mBuilding CXX object CMakeFiles/turtlesim__rosidl_typesupport_introspection_cpp.dir/rosidl_typesupport_introspection_cpp/turtlesim/srv/detail/set_pen__type_support.cpp.o[0m
[3.588s] [ 38%] [32mBuilding CXX object CMakeFiles/turtlesim__rosidl_typesupport_introspection_cpp.dir/rosidl_typesupport_introspection_cpp/turtlesim/srv/detail/spawn__type_support.cpp.o[0m
[3.590s] [ 39%] [32mBuilding CXX object CMakeFiles/turtlesim__rosidl_typesupport_introspection_cpp.dir/rosidl_typesupport_introspection_cpp/turtlesim/srv/detail/teleport_absolute__type_support.cpp.o[0m
[3.592s] [ 40%] [32mBuilding CXX object CMakeFiles/turtlesim__rosidl_typesupport_introspection_cpp.dir/rosidl_typesupport_introspection_cpp/turtlesim/srv/detail/teleport_relative__type_support.cpp.o[0m
[3.593s] [35m[1mScanning dependencies of target turtlesim__rosidl_typesupport_fastrtps_cpp[0m
[3.595s] [ 41%] [32m[1mLinking CXX shared library libturtlesim__rosidl_typesupport_c.so[0m
[3.601s] [ 42%] [32m[1mLinking CXX shared library libturtlesim__rosidl_typesupport_cpp.so[0m
[3.633s] [ 43%] [32mBuilding CXX object CMakeFiles/turtlesim__rosidl_typesupport_fastrtps_cpp.dir/rosidl_typesupport_fastrtps_cpp/turtlesim/action/detail/dds_fastrtps/rotate_absolute__type_support.cpp.o[0m
[3.648s] [ 43%] Built target turtlesim__rosidl_typesupport_c
[3.660s] [ 43%] Built target turtlesim__rosidl_typesupport_cpp
[3.670s] [ 44%] [32mBuilding CXX object CMakeFiles/turtlesim__rosidl_typesupport_fastrtps_cpp.dir/rosidl_typesupport_fastrtps_cpp/turtlesim/msg/detail/dds_fastrtps/color__type_support.cpp.o[0m
[3.683s] [ 45%] [32mBuilding CXX object CMakeFiles/turtlesim__rosidl_typesupport_fastrtps_cpp.dir/rosidl_typesupport_fastrtps_cpp/turtlesim/msg/detail/dds_fastrtps/pose__type_support.cpp.o[0m
[3.769s] [35m[1mScanning dependencies of target turtlesim__rosidl_typesupport_introspection_c[0m
[3.798s] [ 46%] [32mBuilding C object CMakeFiles/turtlesim__rosidl_typesupport_introspection_c.dir/rosidl_typesupport_introspection_c/turtlesim/action/detail/rotate_absolute__type_support.c.o[0m
[3.881s] [ 47%] [32mBuilding C object CMakeFiles/turtlesim__rosidl_typesupport_introspection_c.dir/rosidl_typesupport_introspection_c/turtlesim/msg/detail/color__type_support.c.o[0m
[3.930s] [ 48%] [32mBuilding C object CMakeFiles/turtlesim__rosidl_typesupport_introspection_c.dir/rosidl_typesupport_introspection_c/turtlesim/msg/detail/pose__type_support.c.o[0m
[3.939s] [ 49%] [32mBuilding C object CMakeFiles/turtlesim__rosidl_typesupport_introspection_c.dir/rosidl_typesupport_introspection_c/turtlesim/srv/detail/kill__type_support.c.o[0m
[3.958s] [ 50%] [32mBuilding C object CMakeFiles/turtlesim__rosidl_typesupport_introspection_c.dir/rosidl_typesupport_introspection_c/turtlesim/srv/detail/set_pen__type_support.c.o[0m
[3.969s] [ 51%] [32mBuilding C object CMakeFiles/turtlesim__rosidl_typesupport_introspection_c.dir/rosidl_typesupport_introspection_c/turtlesim/srv/detail/spawn__type_support.c.o[0m
[3.979s] [ 52%] [32mBuilding CXX object CMakeFiles/turtlesim__rosidl_typesupport_fastrtps_cpp.dir/rosidl_typesupport_fastrtps_cpp/turtlesim/srv/detail/dds_fastrtps/kill__type_support.cpp.o[0m
[3.981s] [ 53%] [32mBuilding C object CMakeFiles/turtlesim__rosidl_typesupport_introspection_c.dir/rosidl_typesupport_introspection_c/turtlesim/srv/detail/teleport_absolute__type_support.c.o[0m
[3.984s] [ 54%] [32mBuilding CXX object CMakeFiles/turtlesim__rosidl_typesupport_fastrtps_cpp.dir/rosidl_typesupport_fastrtps_cpp/turtlesim/srv/detail/dds_fastrtps/spawn__type_support.cpp.o[0m
[3.984s] [ 56%] [32mBuilding CXX object CMakeFiles/turtlesim__rosidl_typesupport_fastrtps_cpp.dir/rosidl_typesupport_fastrtps_cpp/turtlesim/srv/detail/dds_fastrtps/set_pen__type_support.cpp.o[0m
[3.985s] [ 56%] [32mBuilding C object CMakeFiles/turtlesim__rosidl_typesupport_introspection_c.dir/rosidl_typesupport_introspection_c/turtlesim/srv/detail/teleport_relative__type_support.c.o[0m
[3.986s] [ 57%] [32mBuilding CXX object CMakeFiles/turtlesim__rosidl_typesupport_fastrtps_cpp.dir/rosidl_typesupport_fastrtps_cpp/turtlesim/srv/detail/dds_fastrtps/teleport_absolute__type_support.cpp.o[0m
[3.987s] [ 58%] [32m[1mLinking CXX shared library libturtlesim__rosidl_typesupport_introspection_cpp.so[0m
[4.014s] [ 59%] [32mBuilding CXX object CMakeFiles/turtlesim__rosidl_typesupport_fastrtps_cpp.dir/rosidl_typesupport_fastrtps_cpp/turtlesim/srv/detail/dds_fastrtps/teleport_relative__type_support.cpp.o[0m
[4.035s] [ 60%] [32m[1mLinking C shared library libturtlesim__rosidl_typesupport_introspection_c.so[0m
[4.078s] [ 60%] Built target turtlesim__rosidl_typesupport_introspection_c
[4.078s] [ 60%] Built target turtlesim__rosidl_typesupport_introspection_cpp
[4.464s] [ 61%] [32m[1mLinking CXX shared library libturtlesim__rosidl_typesupport_fastrtps_cpp.so[0m
[4.532s] [ 61%] Built target turtlesim__rosidl_typesupport_fastrtps_cpp
[4.541s] [ 62%] [34m[1mGenerating C type support for eProsima Fast-RTPS[0m
[5.083s] [35m[1mScanning dependencies of target turtlesim__rosidl_typesupport_fastrtps_c[0m
[5.108s] [ 65%] [32mBuilding CXX object CMakeFiles/turtlesim__rosidl_typesupport_fastrtps_c.dir/rosidl_typesupport_fastrtps_c/turtlesim/action/detail/rotate_absolute__type_support_c.cpp.o[0m
[5.108s] [ 65%] [32mBuilding CXX object CMakeFiles/turtlesim__rosidl_typesupport_fastrtps_c.dir/rosidl_typesupport_fastrtps_c/turtlesim/srv/detail/set_pen__type_support_c.cpp.o[0m
[5.108s] [ 65%] [32mBuilding CXX object CMakeFiles/turtlesim__rosidl_typesupport_fastrtps_c.dir/rosidl_typesupport_fastrtps_c/turtlesim/msg/detail/pose__type_support_c.cpp.o[0m
[5.110s] [ 66%] [32mBuilding CXX object CMakeFiles/turtlesim__rosidl_typesupport_fastrtps_c.dir/rosidl_typesupport_fastrtps_c/turtlesim/msg/detail/color__type_support_c.cpp.o[0m
[5.110s] [ 67%] [32mBuilding CXX object CMakeFiles/turtlesim__rosidl_typesupport_fastrtps_c.dir/rosidl_typesupport_fastrtps_c/turtlesim/srv/detail/teleport_relative__type_support_c.cpp.o[0m
[5.110s] [ 68%] [32mBuilding CXX object CMakeFiles/turtlesim__rosidl_typesupport_fastrtps_c.dir/rosidl_typesupport_fastrtps_c/turtlesim/srv/detail/kill__type_support_c.cpp.o[0m
[5.111s] [ 69%] [32mBuilding CXX object CMakeFiles/turtlesim__rosidl_typesupport_fastrtps_c.dir/rosidl_typesupport_fastrtps_c/turtlesim/srv/detail/spawn__type_support_c.cpp.o[0m
[5.111s] [ 70%] [32mBuilding CXX object CMakeFiles/turtlesim__rosidl_typesupport_fastrtps_c.dir/rosidl_typesupport_fastrtps_c/turtlesim/srv/detail/teleport_absolute__type_support_c.cpp.o[0m
[5.558s] [ 71%] [32m[1mLinking CXX shared library libturtlesim__rosidl_typesupport_fastrtps_c.so[0m
[5.629s] [ 71%] Built target turtlesim__rosidl_typesupport_fastrtps_c
[5.636s] [35m[1mScanning dependencies of target turtlesim[0m
[5.644s] [ 71%] Built target turtlesim
[5.652s] [ 72%] [34m[1mGenerating include/turtlesim/moc_turtle_frame.cpp[0m
[5.652s] [35m[1mScanning dependencies of target mimic[0m
[5.652s] [35m[1mScanning dependencies of target turtle_teleop_key[0m
[5.653s] [35m[1mScanning dependencies of target turtlesim__py[0m
[5.653s] [35m[1mScanning dependencies of target draw_square[0m
[5.661s] [ 73%] [34m[1mGenerating Python code for ROS interfaces[0m
[5.711s] [35m[1mScanning dependencies of target turtlesim_node[0m
[5.718s] [ 74%] [32mBuilding CXX object CMakeFiles/mimic.dir/tutorials/mimic.cpp.o[0m
[5.722s] [ 75%] [32mBuilding CXX object CMakeFiles/draw_square.dir/tutorials/draw_square.cpp.o[0m
[5.725s] [ 76%] [32mBuilding CXX object CMakeFiles/turtle_teleop_key.dir/tutorials/teleop_turtle_key.cpp.o[0m
[5.782s] [ 77%] [32mBuilding CXX object CMakeFiles/turtlesim_node.dir/src/turtle.cpp.o[0m
[5.784s] [ 78%] [32mBuilding CXX object CMakeFiles/turtlesim_node.dir/src/turtlesim.cpp.o[0m
[5.785s] [ 79%] [32mBuilding CXX object CMakeFiles/turtlesim_node.dir/include/turtlesim/moc_turtle_frame.cpp.o[0m
[5.785s] [ 80%] [32mBuilding CXX object CMakeFiles/turtlesim_node.dir/src/turtle_frame.cpp.o[0m
[8.149s] [ 80%] Built target turtlesim__py
[8.160s] [35m[1mScanning dependencies of target turtlesim__python[0m
[8.210s] [ 83%] [32mBuilding C object CMakeFiles/turtlesim__python.dir/rosidl_generator_py/turtlesim/msg/_pose_s.c.o[0m
[8.210s] [ 83%] [32mBuilding C object CMakeFiles/turtlesim__python.dir/rosidl_generator_py/turtlesim/msg/_color_s.c.o[0m
[8.210s] [ 84%] [32mBuilding C object CMakeFiles/turtlesim__python.dir/rosidl_generator_py/turtlesim/srv/_set_pen_s.c.o[0m
[8.210s] [ 83%] [32mBuilding C object CMakeFiles/turtlesim__python.dir/rosidl_generator_py/turtlesim/action/_rotate_absolute_s.c.o[0m
[8.210s] [ 85%] [32mBuilding C object CMakeFiles/turtlesim__python.dir/rosidl_generator_py/turtlesim/srv/_spawn_s.c.o[0m
[8.211s] [ 86%] [32mBuilding C object CMakeFiles/turtlesim__python.dir/rosidl_generator_py/turtlesim/srv/_kill_s.c.o[0m
[8.325s] [ 87%] [32mBuilding C object CMakeFiles/turtlesim__python.dir/rosidl_generator_py/turtlesim/srv/_teleport_absolute_s.c.o[0m
[8.339s] [ 88%] [32mBuilding C object CMakeFiles/turtlesim__python.dir/rosidl_generator_py/turtlesim/srv/_teleport_relative_s.c.o[0m
[8.462s] [ 89%] [32m[1mLinking C shared library rosidl_generator_py/turtlesim/libturtlesim__python.so[0m
[8.502s] [ 89%] Built target turtlesim__python
[8.511s] [35m[1mScanning dependencies of target turtlesim__rosidl_typesupport_fastrtps_c__pyext[0m
[8.513s] [35m[1mScanning dependencies of target turtlesim__rosidl_typesupport_c__pyext[0m
[8.514s] [35m[1mScanning dependencies of target turtlesim__rosidl_typesupport_introspection_c__pyext[0m
[8.533s] [ 90%] [32mBuilding C object CMakeFiles/turtlesim__rosidl_typesupport_fastrtps_c__pyext.dir/rosidl_generator_py/turtlesim/_turtlesim_s.ep.rosidl_typesupport_fastrtps_c.c.o[0m
[8.538s] [ 91%] [32mBuilding C object CMakeFiles/turtlesim__rosidl_typesupport_c__pyext.dir/rosidl_generator_py/turtlesim/_turtlesim_s.ep.rosidl_typesupport_c.c.o[0m
[8.539s] [ 92%] [32mBuilding C object CMakeFiles/turtlesim__rosidl_typesupport_introspection_c__pyext.dir/rosidl_generator_py/turtlesim/_turtlesim_s.ep.rosidl_typesupport_introspection_c.c.o[0m
[8.664s] [ 93%] [32m[1mLinking C shared library rosidl_generator_py/turtlesim/turtlesim_s__rosidl_typesupport_introspection_c.cpython-38-x86_64-linux-gnu.so[0m
[8.701s] [ 93%] Built target turtlesim__rosidl_typesupport_introspection_c__pyext
[8.710s] [ 94%] [32m[1mLinking CXX shared library rosidl_generator_py/turtlesim/turtlesim_s__rosidl_typesupport_fastrtps_c.cpython-38-x86_64-linux-gnu.so[0m
[8.738s] [ 95%] [32m[1mLinking C shared library rosidl_generator_py/turtlesim/turtlesim_s__rosidl_typesupport_c.cpython-38-x86_64-linux-gnu.so[0m
[8.780s] [ 95%] Built target turtlesim__rosidl_typesupport_fastrtps_c__pyext
[8.784s] [ 95%] Built target turtlesim__rosidl_typesupport_c__pyext
[9.532s] [ 96%] [32m[1mLinking CXX executable turtle_teleop_key[0m
[9.738s] [ 96%] Built target turtle_teleop_key
[10.111s] [ 97%] [32m[1mLinking CXX executable mimic[0m
[10.332s] [ 97%] Built target mimic
[10.890s] [ 98%] [32m[1mLinking CXX executable draw_square[0m
[11.126s] [ 98%] Built target draw_square
[13.435s] [100%] [32m[1mLinking CXX executable turtlesim_node[0m
[14.632s] [100%] Built target turtlesim_node
[14.641s] Invoked command in '/home/eric/yolo_ros_ws/build/turtlesim' returned '0': CMAKE_PREFIX_PATH=/opt/ros/foxy /usr/bin/cmake --build /home/eric/yolo_ros_ws/build/turtlesim -- -j12 -l12
[14.755s] Invoking command in '/home/eric/yolo_ros_ws/build/turtlesim': CMAKE_PREFIX_PATH=/opt/ros/foxy /usr/bin/cmake --install /home/eric/yolo_ros_ws/build/turtlesim
[14.762s] -- Install configuration: ""
[14.762s] -- Installing: /home/eric/yolo_ros_ws/install/turtlesim/share/ament_index/resource_index/rosidl_interfaces/turtlesim
[14.762s] -- Installing: /home/eric/yolo_ros_ws/install/turtlesim/include/turtlesim
[14.762s] -- Installing: /home/eric/yolo_ros_ws/install/turtlesim/include/turtlesim/action
[14.763s] -- Installing: /home/eric/yolo_ros_ws/install/turtlesim/include/turtlesim/action/rotate_absolute.h
[14.763s] -- Installing: /home/eric/yolo_ros_ws/install/turtlesim/include/turtlesim/action/detail
[14.763s] -- Installing: /home/eric/yolo_ros_ws/install/turtlesim/include/turtlesim/action/detail/rotate_absolute__struct.h
[14.763s] -- Installing: /home/eric/yolo_ros_ws/install/turtlesim/include/turtlesim/action/detail/rotate_absolute__functions.h
[14.763s] -- Installing: /home/eric/yolo_ros_ws/install/turtlesim/include/turtlesim/action/detail/rotate_absolute__type_support.h
[14.763s] -- Installing: /home/eric/yolo_ros_ws/install/turtlesim/include/turtlesim/action/detail/rotate_absolute__functions.c
[14.763s] -- Installing: /home/eric/yolo_ros_ws/install/turtlesim/include/turtlesim/srv
[14.763s] -- Installing: /home/eric/yolo_ros_ws/install/turtlesim/include/turtlesim/srv/teleport_absolute.h
[14.763s] -- Installing: /home/eric/yolo_ros_ws/install/turtlesim/include/turtlesim/srv/teleport_relative.h
[14.763s] -- Installing: /home/eric/yolo_ros_ws/install/turtlesim/include/turtlesim/srv/set_pen.h
[14.763s] -- Installing: /home/eric/yolo_ros_ws/install/turtlesim/include/turtlesim/srv/detail
[14.763s] -- Installing: /home/eric/yolo_ros_ws/install/turtlesim/include/turtlesim/srv/detail/teleport_absolute__functions.h
[14.763s] -- Installing: /home/eric/yolo_ros_ws/install/turtlesim/include/turtlesim/srv/detail/spawn__functions.c
[14.763s] -- Installing: /home/eric/yolo_ros_ws/install/turtlesim/include/turtlesim/srv/detail/kill__functions.c
[14.763s] -- Installing: /home/eric/yolo_ros_ws/install/turtlesim/include/turtlesim/srv/detail/teleport_absolute__struct.h
[14.764s] -- Installing: /home/eric/yolo_ros_ws/install/turtlesim/include/turtlesim/srv/detail/set_pen__type_support.h
[14.764s] -- Installing: /home/eric/yolo_ros_ws/install/turtlesim/include/turtlesim/srv/detail/spawn__functions.h
[14.764s] -- Installing: /home/eric/yolo_ros_ws/install/turtlesim/include/turtlesim/srv/detail/set_pen__struct.h
[14.764s] -- Installing: /home/eric/yolo_ros_ws/install/turtlesim/include/turtlesim/srv/detail/teleport_relative__functions.c
[14.764s] -- Installing: /home/eric/yolo_ros_ws/install/turtlesim/include/turtlesim/srv/detail/teleport_relative__type_support.h
[14.764s] -- Installing: /home/eric/yolo_ros_ws/install/turtlesim/include/turtlesim/srv/detail/teleport_absolute__functions.c
[14.764s] -- Installing: /home/eric/yolo_ros_ws/install/turtlesim/include/turtlesim/srv/detail/spawn__type_support.h
[14.764s] -- Installing: /home/eric/yolo_ros_ws/install/turtlesim/include/turtlesim/srv/detail/kill__functions.h
[14.764s] -- Installing: /home/eric/yolo_ros_ws/install/turtlesim/include/turtlesim/srv/detail/set_pen__functions.c
[14.764s] -- Installing: /home/eric/yolo_ros_ws/install/turtlesim/include/turtlesim/srv/detail/kill__type_support.h
[14.764s] -- Installing: /home/eric/yolo_ros_ws/install/turtlesim/include/turtlesim/srv/detail/teleport_relative__struct.h
[14.764s] -- Installing: /home/eric/yolo_ros_ws/install/turtlesim/include/turtlesim/srv/detail/spawn__struct.h
[14.764s] -- Installing: /home/eric/yolo_ros_ws/install/turtlesim/include/turtlesim/srv/detail/teleport_relative__functions.h
[14.764s] -- Installing: /home/eric/yolo_ros_ws/install/turtlesim/include/turtlesim/srv/detail/kill__struct.h
[14.764s] -- Installing: /home/eric/yolo_ros_ws/install/turtlesim/include/turtlesim/srv/detail/teleport_absolute__type_support.h
[14.764s] -- Installing: /home/eric/yolo_ros_ws/install/turtlesim/include/turtlesim/srv/detail/set_pen__functions.h
[14.764s] -- Installing: /home/eric/yolo_ros_ws/install/turtlesim/include/turtlesim/srv/kill.h
[14.765s] -- Installing: /home/eric/yolo_ros_ws/install/turtlesim/include/turtlesim/srv/spawn.h
[14.765s] -- Installing: /home/eric/yolo_ros_ws/install/turtlesim/include/turtlesim/msg
[14.765s] -- Installing: /home/eric/yolo_ros_ws/install/turtlesim/include/turtlesim/msg/rosidl_generator_c__visibility_control.h
[14.765s] -- Installing: /home/eric/yolo_ros_ws/install/turtlesim/include/turtlesim/msg/pose.h
[14.765s] -- Installing: /home/eric/yolo_ros_ws/install/turtlesim/include/turtlesim/msg/color.h
[14.765s] -- Installing: /home/eric/yolo_ros_ws/install/turtlesim/include/turtlesim/msg/detail
[14.765s] -- Installing: /home/eric/yolo_ros_ws/install/turtlesim/include/turtlesim/msg/detail/pose__functions.h
[14.765s] -- Installing: /home/eric/yolo_ros_ws/install/turtlesim/include/turtlesim/msg/detail/pose__type_support.h
[14.765s] -- Installing: /home/eric/yolo_ros_ws/install/turtlesim/include/turtlesim/msg/detail/pose__functions.c
[14.765s] -- Installing: /home/eric/yolo_ros_ws/install/turtlesim/include/turtlesim/msg/detail/color__type_support.h
[14.765s] -- Installing: /home/eric/yolo_ros_ws/install/turtlesim/include/turtlesim/msg/detail/color__functions.c
[14.765s] -- Installing: /home/eric/yolo_ros_ws/install/turtlesim/include/turtlesim/msg/detail/pose__struct.h
[14.765s] -- Installing: /home/eric/yolo_ros_ws/install/turtlesim/include/turtlesim/msg/detail/color__functions.h
[14.765s] -- Installing: /home/eric/yolo_ros_ws/install/turtlesim/include/turtlesim/msg/detail/color__struct.h
[14.765s] -- Installing: /home/eric/yolo_ros_ws/install/turtlesim/share/turtlesim/environment/library_path.sh
[14.765s] -- Installing: /home/eric/yolo_ros_ws/install/turtlesim/share/turtlesim/environment/library_path.dsv
[14.766s] -- Installing: /home/eric/yolo_ros_ws/install/turtlesim/lib/libturtlesim__rosidl_generator_c.so
[14.766s] -- Set runtime path of "/home/eric/yolo_ros_ws/install/turtlesim/lib/libturtlesim__rosidl_generator_c.so" to ""
[14.766s] -- Up-to-date: /home/eric/yolo_ros_ws/install/turtlesim/include/turtlesim
[14.766s] -- Up-to-date: /home/eric/yolo_ros_ws/install/turtlesim/include/turtlesim/action
[14.766s] -- Up-to-date: /home/eric/yolo_ros_ws/install/turtlesim/include/turtlesim/action/detail
[14.766s] -- Installing: /home/eric/yolo_ros_ws/install/turtlesim/include/turtlesim/action/detail/rotate_absolute__rosidl_typesupport_fastrtps_c.h
[14.766s] -- Up-to-date: /home/eric/yolo_ros_ws/install/turtlesim/include/turtlesim/srv
[14.766s] -- Up-to-date: /home/eric/yolo_ros_ws/install/turtlesim/include/turtlesim/srv/detail
[14.766s] -- Installing: /home/eric/yolo_ros_ws/install/turtlesim/include/turtlesim/srv/detail/teleport_relative__rosidl_typesupport_fastrtps_c.h
[14.766s] -- Installing: /home/eric/yolo_ros_ws/install/turtlesim/include/turtlesim/srv/detail/spawn__rosidl_typesupport_fastrtps_c.h
[14.767s] -- Installing: /home/eric/yolo_ros_ws/install/turtlesim/include/turtlesim/srv/detail/teleport_absolute__rosidl_typesupport_fastrtps_c.h
[14.767s] -- Installing: /home/eric/yolo_ros_ws/install/turtlesim/include/turtlesim/srv/detail/set_pen__rosidl_typesupport_fastrtps_c.h
[14.767s] -- Installing: /home/eric/yolo_ros_ws/install/turtlesim/include/turtlesim/srv/detail/kill__rosidl_typesupport_fastrtps_c.h
[14.767s] -- Up-to-date: /home/eric/yolo_ros_ws/install/turtlesim/include/turtlesim/msg
[14.767s] -- Installing: /home/eric/yolo_ros_ws/install/turtlesim/include/turtlesim/msg/rosidl_typesupport_fastrtps_c__visibility_control.h
[14.767s] -- Up-to-date: /home/eric/yolo_ros_ws/install/turtlesim/include/turtlesim/msg/detail
[14.767s] -- Installing: /home/eric/yolo_ros_ws/install/turtlesim/include/turtlesim/msg/detail/pose__rosidl_typesupport_fastrtps_c.h
[14.767s] -- Installing: /home/eric/yolo_ros_ws/install/turtlesim/include/turtlesim/msg/detail/color__rosidl_typesupport_fastrtps_c.h
[14.767s] -- Installing: /home/eric/yolo_ros_ws/install/turtlesim/lib/libturtlesim__rosidl_typesupport_fastrtps_c.so
[14.767s] -- Set runtime path of "/home/eric/yolo_ros_ws/install/turtlesim/lib/libturtlesim__rosidl_typesupport_fastrtps_c.so" to ""
[14.767s] -- Up-to-date: /home/eric/yolo_ros_ws/install/turtlesim/include/turtlesim
[14.767s] -- Up-to-date: /home/eric/yolo_ros_ws/install/turtlesim/include/turtlesim/action
[14.767s] -- Up-to-date: /home/eric/yolo_ros_ws/install/turtlesim/include/turtlesim/action/detail
[14.767s] -- Installing: /home/eric/yolo_ros_ws/install/turtlesim/include/turtlesim/action/detail/dds_fastrtps
[14.767s] -- Installing: /home/eric/yolo_ros_ws/install/turtlesim/include/turtlesim/action/detail/rotate_absolute__rosidl_typesupport_fastrtps_cpp.hpp
[14.767s] -- Up-to-date: /home/eric/yolo_ros_ws/install/turtlesim/include/turtlesim/srv
[14.768s] -- Up-to-date: /home/eric/yolo_ros_ws/install/turtlesim/include/turtlesim/srv/detail
[14.768s] -- Installing: /home/eric/yolo_ros_ws/install/turtlesim/include/turtlesim/srv/detail/spawn__rosidl_typesupport_fastrtps_cpp.hpp
[14.768s] -- Installing: /home/eric/yolo_ros_ws/install/turtlesim/include/turtlesim/srv/detail/dds_fastrtps
[14.768s] -- Installing: /home/eric/yolo_ros_ws/install/turtlesim/include/turtlesim/srv/detail/set_pen__rosidl_typesupport_fastrtps_cpp.hpp
[14.768s] -- Installing: /home/eric/yolo_ros_ws/install/turtlesim/include/turtlesim/srv/detail/teleport_absolute__rosidl_typesupport_fastrtps_cpp.hpp
[14.768s] -- Installing: /home/eric/yolo_ros_ws/install/turtlesim/include/turtlesim/srv/detail/kill__rosidl_typesupport_fastrtps_cpp.hpp
[14.768s] -- Installing: /home/eric/yolo_ros_ws/install/turtlesim/include/turtlesim/srv/detail/teleport_relative__rosidl_typesupport_fastrtps_cpp.hpp
[14.768s] -- Up-to-date: /home/eric/yolo_ros_ws/install/turtlesim/include/turtlesim/msg
[14.768s] -- Installing: /home/eric/yolo_ros_ws/install/turtlesim/include/turtlesim/msg/rosidl_typesupport_fastrtps_cpp__visibility_control.h
[14.768s] -- Up-to-date: /home/eric/yolo_ros_ws/install/turtlesim/include/turtlesim/msg/detail
[14.768s] -- Installing: /home/eric/yolo_ros_ws/install/turtlesim/include/turtlesim/msg/detail/dds_fastrtps
[14.768s] -- Installing: /home/eric/yolo_ros_ws/install/turtlesim/include/turtlesim/msg/detail/color__rosidl_typesupport_fastrtps_cpp.hpp
[14.768s] -- Installing: /home/eric/yolo_ros_ws/install/turtlesim/include/turtlesim/msg/detail/pose__rosidl_typesupport_fastrtps_cpp.hpp
[14.768s] -- Installing: /home/eric/yolo_ros_ws/install/turtlesim/lib/libturtlesim__rosidl_typesupport_fastrtps_cpp.so
[14.769s] -- Set runtime path of "/home/eric/yolo_ros_ws/install/turtlesim/lib/libturtlesim__rosidl_typesupport_fastrtps_cpp.so" to ""
[14.769s] -- Up-to-date: /home/eric/yolo_ros_ws/install/turtlesim/include/turtlesim
[14.769s] -- Up-to-date: /home/eric/yolo_ros_ws/install/turtlesim/include/turtlesim/action
[14.769s] -- Up-to-date: /home/eric/yolo_ros_ws/install/turtlesim/include/turtlesim/action/detail
[14.769s] -- Installing: /home/eric/yolo_ros_ws/install/turtlesim/include/turtlesim/action/detail/rotate_absolute__type_support.c
[14.769s] -- Installing: /home/eric/yolo_ros_ws/install/turtlesim/include/turtlesim/action/detail/rotate_absolute__rosidl_typesupport_introspection_c.h
[14.769s] -- Up-to-date: /home/eric/yolo_ros_ws/install/turtlesim/include/turtlesim/srv
[14.769s] -- Up-to-date: /home/eric/yolo_ros_ws/install/turtlesim/include/turtlesim/srv/detail
[14.769s] -- Installing: /home/eric/yolo_ros_ws/install/turtlesim/include/turtlesim/srv/detail/teleport_absolute__rosidl_typesupport_introspection_c.h
[14.769s] -- Installing: /home/eric/yolo_ros_ws/install/turtlesim/include/turtlesim/srv/detail/teleport_relative__type_support.c
[14.769s] -- Installing: /home/eric/yolo_ros_ws/install/turtlesim/include/turtlesim/srv/detail/set_pen__type_support.c
[14.769s] -- Installing: /home/eric/yolo_ros_ws/install/turtlesim/include/turtlesim/srv/detail/kill__rosidl_typesupport_introspection_c.h
[14.769s] -- Installing: /home/eric/yolo_ros_ws/install/turtlesim/include/turtlesim/srv/detail/set_pen__rosidl_typesupport_introspection_c.h
[14.770s] -- Installing: /home/eric/yolo_ros_ws/install/turtlesim/include/turtlesim/srv/detail/kill__type_support.c
[14.770s] -- Installing: /home/eric/yolo_ros_ws/install/turtlesim/include/turtlesim/srv/detail/spawn__type_support.c
[14.770s] -- Installing: /home/eric/yolo_ros_ws/install/turtlesim/include/turtlesim/srv/detail/teleport_absolute__type_support.c
[14.770s] -- Installing: /home/eric/yolo_ros_ws/install/turtlesim/include/turtlesim/srv/detail/teleport_relative__rosidl_typesupport_introspection_c.h
[14.770s] -- Installing: /home/eric/yolo_ros_ws/install/turtlesim/include/turtlesim/srv/detail/spawn__rosidl_typesupport_introspection_c.h
[14.770s] -- Up-to-date: /home/eric/yolo_ros_ws/install/turtlesim/include/turtlesim/msg
[14.770s] -- Installing: /home/eric/yolo_ros_ws/install/turtlesim/include/turtlesim/msg/rosidl_typesupport_introspection_c__visibility_control.h
[14.770s] -- Up-to-date: /home/eric/yolo_ros_ws/install/turtlesim/include/turtlesim/msg/detail
[14.770s] -- Installing: /home/eric/yolo_ros_ws/install/turtlesim/include/turtlesim/msg/detail/color__rosidl_typesupport_introspection_c.h
[14.770s] -- Installing: /home/eric/yolo_ros_ws/install/turtlesim/include/turtlesim/msg/detail/color__type_support.c
[14.770s] -- Installing: /home/eric/yolo_ros_ws/install/turtlesim/include/turtlesim/msg/detail/pose__type_support.c
[14.770s] -- Installing: /home/eric/yolo_ros_ws/install/turtlesim/include/turtlesim/msg/detail/pose__rosidl_typesupport_introspection_c.h
[14.770s] -- Installing: /home/eric/yolo_ros_ws/install/turtlesim/lib/libturtlesim__rosidl_typesupport_introspection_c.so
[14.771s] -- Set runtime path of "/home/eric/yolo_ros_ws/install/turtlesim/lib/libturtlesim__rosidl_typesupport_introspection_c.so" to ""
[14.771s] -- Installing: /home/eric/yolo_ros_ws/install/turtlesim/lib/libturtlesim__rosidl_typesupport_c.so
[14.771s] -- Set runtime path of "/home/eric/yolo_ros_ws/install/turtlesim/lib/libturtlesim__rosidl_typesupport_c.so" to ""
[14.771s] -- Up-to-date: /home/eric/yolo_ros_ws/install/turtlesim/include/turtlesim
[14.771s] -- Up-to-date: /home/eric/yolo_ros_ws/install/turtlesim/include/turtlesim/action
[14.771s] -- Installing: /home/eric/yolo_ros_ws/install/turtlesim/include/turtlesim/action/rotate_absolute.hpp
[14.771s] -- Up-to-date: /home/eric/yolo_ros_ws/install/turtlesim/include/turtlesim/action/detail
[14.771s] -- Installing: /home/eric/yolo_ros_ws/install/turtlesim/include/turtlesim/action/detail/rotate_absolute__builder.hpp
[14.771s] -- Installing: /home/eric/yolo_ros_ws/install/turtlesim/include/turtlesim/action/detail/rotate_absolute__traits.hpp
[14.771s] -- Installing: /home/eric/yolo_ros_ws/install/turtlesim/include/turtlesim/action/detail/rotate_absolute__struct.hpp
[14.771s] -- Up-to-date: /home/eric/yolo_ros_ws/install/turtlesim/include/turtlesim/srv
[14.772s] -- Installing: /home/eric/yolo_ros_ws/install/turtlesim/include/turtlesim/srv/set_pen.hpp
[14.772s] -- Installing: /home/eric/yolo_ros_ws/install/turtlesim/include/turtlesim/srv/teleport_relative.hpp
[14.772s] -- Installing: /home/eric/yolo_ros_ws/install/turtlesim/include/turtlesim/srv/spawn.hpp
[14.772s] -- Installing: /home/eric/yolo_ros_ws/install/turtlesim/include/turtlesim/srv/teleport_absolute.hpp
[14.772s] -- Installing: /home/eric/yolo_ros_ws/install/turtlesim/include/turtlesim/srv/kill.hpp
[14.772s] -- Up-to-date: /home/eric/yolo_ros_ws/install/turtlesim/include/turtlesim/srv/detail
[14.772s] -- Installing: /home/eric/yolo_ros_ws/install/turtlesim/include/turtlesim/srv/detail/teleport_absolute__struct.hpp
[14.772s] -- Installing: /home/eric/yolo_ros_ws/install/turtlesim/include/turtlesim/srv/detail/set_pen__struct.hpp
[14.772s] -- Installing: /home/eric/yolo_ros_ws/install/turtlesim/include/turtlesim/srv/detail/kill__traits.hpp
[14.772s] -- Installing: /home/eric/yolo_ros_ws/install/turtlesim/include/turtlesim/srv/detail/teleport_absolute__traits.hpp
[14.772s] -- Installing: /home/eric/yolo_ros_ws/install/turtlesim/include/turtlesim/srv/detail/spawn__traits.hpp
[14.772s] -- Installing: /home/eric/yolo_ros_ws/install/turtlesim/include/turtlesim/srv/detail/spawn__struct.hpp
[14.772s] -- Installing: /home/eric/yolo_ros_ws/install/turtlesim/include/turtlesim/srv/detail/set_pen__builder.hpp
[14.772s] -- Installing: /home/eric/yolo_ros_ws/install/turtlesim/include/turtlesim/srv/detail/set_pen__traits.hpp
[14.772s] -- Installing: /home/eric/yolo_ros_ws/install/turtlesim/include/turtlesim/srv/detail/teleport_relative__traits.hpp
[14.772s] -- Installing: /home/eric/yolo_ros_ws/install/turtlesim/include/turtlesim/srv/detail/teleport_absolute__builder.hpp
[14.773s] -- Installing: /home/eric/yolo_ros_ws/install/turtlesim/include/turtlesim/srv/detail/kill__struct.hpp
[14.773s] -- Installing: /home/eric/yolo_ros_ws/install/turtlesim/include/turtlesim/srv/detail/teleport_relative__struct.hpp
[14.773s] -- Installing: /home/eric/yolo_ros_ws/install/turtlesim/include/turtlesim/srv/detail/kill__builder.hpp
[14.773s] -- Installing: /home/eric/yolo_ros_ws/install/turtlesim/include/turtlesim/srv/detail/spawn__builder.hpp
[14.773s] -- Installing: /home/eric/yolo_ros_ws/install/turtlesim/include/turtlesim/srv/detail/teleport_relative__builder.hpp
[14.773s] -- Up-to-date: /home/eric/yolo_ros_ws/install/turtlesim/include/turtlesim/msg
[14.773s] -- Installing: /home/eric/yolo_ros_ws/install/turtlesim/include/turtlesim/msg/color.hpp
[14.773s] -- Up-to-date: /home/eric/yolo_ros_ws/install/turtlesim/include/turtlesim/msg/detail
[14.773s] -- Installing: /home/eric/yolo_ros_ws/install/turtlesim/include/turtlesim/msg/detail/color__traits.hpp
[14.773s] -- Installing: /home/eric/yolo_ros_ws/install/turtlesim/include/turtlesim/msg/detail/pose__struct.hpp
[14.773s] -- Installing: /home/eric/yolo_ros_ws/install/turtlesim/include/turtlesim/msg/detail/pose__builder.hpp
[14.773s] -- Installing: /home/eric/yolo_ros_ws/install/turtlesim/include/turtlesim/msg/detail/pose__traits.hpp
[14.773s] -- Installing: /home/eric/yolo_ros_ws/install/turtlesim/include/turtlesim/msg/detail/color__struct.hpp
[14.773s] -- Installing: /home/eric/yolo_ros_ws/install/turtlesim/include/turtlesim/msg/detail/color__builder.hpp
[14.773s] -- Installing: /home/eric/yolo_ros_ws/install/turtlesim/include/turtlesim/msg/pose.hpp
[14.774s] -- Up-to-date: /home/eric/yolo_ros_ws/install/turtlesim/include/turtlesim
[14.774s] -- Up-to-date: /home/eric/yolo_ros_ws/install/turtlesim/include/turtlesim/action
[14.774s] -- Up-to-date: /home/eric/yolo_ros_ws/install/turtlesim/include/turtlesim/action/detail
[14.774s] -- Installing: /home/eric/yolo_ros_ws/install/turtlesim/include/turtlesim/action/detail/rotate_absolute__rosidl_typesupport_introspection_cpp.hpp
[14.774s] -- Installing: /home/eric/yolo_ros_ws/install/turtlesim/include/turtlesim/action/detail/rotate_absolute__type_support.cpp
[14.774s] -- Up-to-date: /home/eric/yolo_ros_ws/install/turtlesim/include/turtlesim/srv
[14.774s] -- Up-to-date: /home/eric/yolo_ros_ws/install/turtlesim/include/turtlesim/srv/detail
[14.774s] -- Installing: /home/eric/yolo_ros_ws/install/turtlesim/include/turtlesim/srv/detail/teleport_relative__type_support.cpp
[14.774s] -- Installing: /home/eric/yolo_ros_ws/install/turtlesim/include/turtlesim/srv/detail/spawn__type_support.cpp
[14.774s] -- Installing: /home/eric/yolo_ros_ws/install/turtlesim/include/turtlesim/srv/detail/spawn__rosidl_typesupport_introspection_cpp.hpp
[14.774s] -- Installing: /home/eric/yolo_ros_ws/install/turtlesim/include/turtlesim/srv/detail/teleport_absolute__type_support.cpp
[14.774s] -- Installing: /home/eric/yolo_ros_ws/install/turtlesim/include/turtlesim/srv/detail/teleport_absolute__rosidl_typesupport_introspection_cpp.hpp
[14.774s] -- Installing: /home/eric/yolo_ros_ws/install/turtlesim/include/turtlesim/srv/detail/set_pen__rosidl_typesupport_introspection_cpp.hpp
[14.774s] -- Installing: /home/eric/yolo_ros_ws/install/turtlesim/include/turtlesim/srv/detail/set_pen__type_support.cpp
[14.774s] -- Installing: /home/eric/yolo_ros_ws/install/turtlesim/include/turtlesim/srv/detail/kill__type_support.cpp
[14.775s] -- Installing: /home/eric/yolo_ros_ws/install/turtlesim/include/turtlesim/srv/detail/kill__rosidl_typesupport_introspection_cpp.hpp
[14.775s] -- Installing: /home/eric/yolo_ros_ws/install/turtlesim/include/turtlesim/srv/detail/teleport_relative__rosidl_typesupport_introspection_cpp.hpp
[14.775s] -- Up-to-date: /home/eric/yolo_ros_ws/install/turtlesim/include/turtlesim/msg
[14.775s] -- Up-to-date: /home/eric/yolo_ros_ws/install/turtlesim/include/turtlesim/msg/detail
[14.775s] -- Installing: /home/eric/yolo_ros_ws/install/turtlesim/include/turtlesim/msg/detail/pose__rosidl_typesupport_introspection_cpp.hpp
[14.775s] -- Installing: /home/eric/yolo_ros_ws/install/turtlesim/include/turtlesim/msg/detail/pose__type_support.cpp
[14.775s] -- Installing: /home/eric/yolo_ros_ws/install/turtlesim/include/turtlesim/msg/detail/color__rosidl_typesupport_introspection_cpp.hpp
[14.775s] -- Installing: /home/eric/yolo_ros_ws/install/turtlesim/include/turtlesim/msg/detail/color__type_support.cpp
[14.775s] -- Installing: /home/eric/yolo_ros_ws/install/turtlesim/lib/libturtlesim__rosidl_typesupport_introspection_cpp.so
[14.775s] -- Set runtime path of "/home/eric/yolo_ros_ws/install/turtlesim/lib/libturtlesim__rosidl_typesupport_introspection_cpp.so" to ""
[14.775s] -- Installing: /home/eric/yolo_ros_ws/install/turtlesim/lib/libturtlesim__rosidl_typesupport_cpp.so
[14.776s] -- Set runtime path of "/home/eric/yolo_ros_ws/install/turtlesim/lib/libturtlesim__rosidl_typesupport_cpp.so" to ""
[14.776s] -- Installing: /home/eric/yolo_ros_ws/install/turtlesim/share/turtlesim/environment/pythonpath.sh
[14.776s] -- Installing: /home/eric/yolo_ros_ws/install/turtlesim/share/turtlesim/environment/pythonpath.dsv
[14.776s] -- Installing: /home/eric/yolo_ros_ws/install/turtlesim/lib/python3.8/site-packages/turtlesim/__init__.py
[14.799s] Compiling '/home/eric/yolo_ros_ws/install/turtlesim/lib/python3.8/site-packages/turtlesim/__init__.py'...
[14.802s] -- Installing: /home/eric/yolo_ros_ws/install/turtlesim/lib/python3.8/site-packages/turtlesim/action
[14.802s] -- Installing: /home/eric/yolo_ros_ws/install/turtlesim/lib/python3.8/site-packages/turtlesim/action/_rotate_absolute_s.c
[14.802s] -- Installing: /home/eric/yolo_ros_ws/install/turtlesim/lib/python3.8/site-packages/turtlesim/action/__init__.py
[14.802s] -- Installing: /home/eric/yolo_ros_ws/install/turtlesim/lib/python3.8/site-packages/turtlesim/action/_rotate_absolute.py
[14.802s] -- Installing: /home/eric/yolo_ros_ws/install/turtlesim/lib/python3.8/site-packages/turtlesim/msg
[14.803s] -- Installing: /home/eric/yolo_ros_ws/install/turtlesim/lib/python3.8/site-packages/turtlesim/msg/_pose_s.c
[14.803s] -- Installing: /home/eric/yolo_ros_ws/install/turtlesim/lib/python3.8/site-packages/turtlesim/msg/_color.py
[14.803s] -- Installing: /home/eric/yolo_ros_ws/install/turtlesim/lib/python3.8/site-packages/turtlesim/msg/_pose.py
[14.803s] -- Installing: /home/eric/yolo_ros_ws/install/turtlesim/lib/python3.8/site-packages/turtlesim/msg/_color_s.c
[14.803s] -- Installing: /home/eric/yolo_ros_ws/install/turtlesim/lib/python3.8/site-packages/turtlesim/msg/__init__.py
[14.803s] -- Installing: /home/eric/yolo_ros_ws/install/turtlesim/lib/python3.8/site-packages/turtlesim/srv
[14.803s] -- Installing: /home/eric/yolo_ros_ws/install/turtlesim/lib/python3.8/site-packages/turtlesim/srv/_spawn_s.c
[14.803s] -- Installing: /home/eric/yolo_ros_ws/install/turtlesim/lib/python3.8/site-packages/turtlesim/srv/_set_pen.py
[14.803s] -- Installing: /home/eric/yolo_ros_ws/install/turtlesim/lib/python3.8/site-packages/turtlesim/srv/_kill_s.c
[14.803s] -- Installing: /home/eric/yolo_ros_ws/install/turtlesim/lib/python3.8/site-packages/turtlesim/srv/_set_pen_s.c
[14.803s] -- Installing: /home/eric/yolo_ros_ws/install/turtlesim/lib/python3.8/site-packages/turtlesim/srv/_teleport_relative.py
[14.803s] -- Installing: /home/eric/yolo_ros_ws/install/turtlesim/lib/python3.8/site-packages/turtlesim/srv/_teleport_absolute_s.c
[14.803s] -- Installing: /home/eric/yolo_ros_ws/install/turtlesim/lib/python3.8/site-packages/turtlesim/srv/__init__.py
[14.803s] -- Installing: /home/eric/yolo_ros_ws/install/turtlesim/lib/python3.8/site-packages/turtlesim/srv/_kill.py
[14.804s] -- Installing: /home/eric/yolo_ros_ws/install/turtlesim/lib/python3.8/site-packages/turtlesim/srv/_teleport_absolute.py
[14.804s] -- Installing: /home/eric/yolo_ros_ws/install/turtlesim/lib/python3.8/site-packages/turtlesim/srv/_spawn.py
[14.804s] -- Installing: /home/eric/yolo_ros_ws/install/turtlesim/lib/python3.8/site-packages/turtlesim/srv/_teleport_relative_s.c
[14.804s] -- Installing: /home/eric/yolo_ros_ws/install/turtlesim/lib/python3.8/site-packages/turtlesim/turtlesim_s__rosidl_typesupport_fastrtps_c.cpython-38-x86_64-linux-gnu.so
[14.804s] -- Set runtime path of "/home/eric/yolo_ros_ws/install/turtlesim/lib/python3.8/site-packages/turtlesim/turtlesim_s__rosidl_typesupport_fastrtps_c.cpython-38-x86_64-linux-gnu.so" to ""
[14.804s] -- Installing: /home/eric/yolo_ros_ws/install/turtlesim/lib/python3.8/site-packages/turtlesim/turtlesim_s__rosidl_typesupport_introspection_c.cpython-38-x86_64-linux-gnu.so
[14.805s] -- Set runtime path of "/home/eric/yolo_ros_ws/install/turtlesim/lib/python3.8/site-packages/turtlesim/turtlesim_s__rosidl_typesupport_introspection_c.cpython-38-x86_64-linux-gnu.so" to ""
[14.805s] -- Installing: /home/eric/yolo_ros_ws/install/turtlesim/lib/python3.8/site-packages/turtlesim/turtlesim_s__rosidl_typesupport_c.cpython-38-x86_64-linux-gnu.so
[14.805s] -- Set runtime path of "/home/eric/yolo_ros_ws/install/turtlesim/lib/python3.8/site-packages/turtlesim/turtlesim_s__rosidl_typesupport_c.cpython-38-x86_64-linux-gnu.so" to ""
[14.805s] -- Installing: /home/eric/yolo_ros_ws/install/turtlesim/lib/libturtlesim__python.so
[14.806s] -- Set runtime path of "/home/eric/yolo_ros_ws/install/turtlesim/lib/libturtlesim__python.so" to ""
[14.806s] -- Installing: /home/eric/yolo_ros_ws/install/turtlesim/share/turtlesim/action/RotateAbsolute.idl
[14.806s] -- Installing: /home/eric/yolo_ros_ws/install/turtlesim/share/turtlesim/msg/Color.idl
[14.806s] -- Installing: /home/eric/yolo_ros_ws/install/turtlesim/share/turtlesim/msg/Pose.idl
[14.806s] -- Installing: /home/eric/yolo_ros_ws/install/turtlesim/share/turtlesim/srv/Kill.idl
[14.806s] -- Installing: /home/eric/yolo_ros_ws/install/turtlesim/share/turtlesim/srv/SetPen.idl
[14.806s] -- Installing: /home/eric/yolo_ros_ws/install/turtlesim/share/turtlesim/srv/Spawn.idl
[14.807s] -- Installing: /home/eric/yolo_ros_ws/install/turtlesim/share/turtlesim/srv/TeleportAbsolute.idl
[14.807s] -- Installing: /home/eric/yolo_ros_ws/install/turtlesim/share/turtlesim/srv/TeleportRelative.idl
[14.807s] -- Installing: /home/eric/yolo_ros_ws/install/turtlesim/share/turtlesim/action/RotateAbsolute.action
[14.807s] -- Installing: /home/eric/yolo_ros_ws/install/turtlesim/share/turtlesim/msg/Color.msg
[14.807s] -- Installing: /home/eric/yolo_ros_ws/install/turtlesim/share/turtlesim/msg/Pose.msg
[14.807s] -- Installing: /home/eric/yolo_ros_ws/install/turtlesim/share/turtlesim/srv/Kill.srv
[14.807s] -- Installing: /home/eric/yolo_ros_ws/install/turtlesim/share/turtlesim/srv/Kill_Request.msg
[14.807s] -- Installing: /home/eric/yolo_ros_ws/install/turtlesim/share/turtlesim/srv/Kill_Response.msg
[14.807s] -- Installing: /home/eric/yolo_ros_ws/install/turtlesim/share/turtlesim/srv/SetPen.srv
[14.807s] -- Installing: /home/eric/yolo_ros_ws/install/turtlesim/share/turtlesim/srv/SetPen_Request.msg
[14.807s] -- Installing: /home/eric/yolo_ros_ws/install/turtlesim/share/turtlesim/srv/SetPen_Response.msg
[14.807s] -- Installing: /home/eric/yolo_ros_ws/install/turtlesim/share/turtlesim/srv/Spawn.srv
[14.808s] -- Installing: /home/eric/yolo_ros_ws/install/turtlesim/share/turtlesim/srv/Spawn_Request.msg
[14.808s] -- Installing: /home/eric/yolo_ros_ws/install/turtlesim/share/turtlesim/srv/Spawn_Response.msg
[14.808s] -- Installing: /home/eric/yolo_ros_ws/install/turtlesim/share/turtlesim/srv/TeleportAbsolute.srv
[14.808s] -- Installing: /home/eric/yolo_ros_ws/install/turtlesim/share/turtlesim/srv/TeleportAbsolute_Request.msg
[14.808s] -- Installing: /home/eric/yolo_ros_ws/install/turtlesim/share/turtlesim/srv/TeleportAbsolute_Response.msg
[14.808s] -- Installing: /home/eric/yolo_ros_ws/install/turtlesim/share/turtlesim/srv/TeleportRelative.srv
[14.808s] -- Installing: /home/eric/yolo_ros_ws/install/turtlesim/share/turtlesim/srv/TeleportRelative_Request.msg
[14.808s] -- Installing: /home/eric/yolo_ros_ws/install/turtlesim/share/turtlesim/srv/TeleportRelative_Response.msg
[14.808s] -- Installing: /home/eric/yolo_ros_ws/install/turtlesim/lib/turtlesim/turtlesim_node
[14.811s] -- Set runtime path of "/home/eric/yolo_ros_ws/install/turtlesim/lib/turtlesim/turtlesim_node" to ""
[14.812s] -- Installing: /home/eric/yolo_ros_ws/install/turtlesim/lib/turtlesim/turtle_teleop_key
[14.813s] -- Set runtime path of "/home/eric/yolo_ros_ws/install/turtlesim/lib/turtlesim/turtle_teleop_key" to ""
[14.813s] -- Installing: /home/eric/yolo_ros_ws/install/turtlesim/lib/turtlesim/draw_square
[14.815s] -- Set runtime path of "/home/eric/yolo_ros_ws/install/turtlesim/lib/turtlesim/draw_square" to ""
[14.815s] -- Installing: /home/eric/yolo_ros_ws/install/turtlesim/lib/turtlesim/mimic
[14.816s] -- Set runtime path of "/home/eric/yolo_ros_ws/install/turtlesim/lib/turtlesim/mimic" to ""
[14.816s] -- Installing: /home/eric/yolo_ros_ws/install/turtlesim/share/turtlesim/images
[14.816s] -- Installing: /home/eric/yolo_ros_ws/install/turtlesim/share/turtlesim/images/eloquent.png
[14.816s] -- Installing: /home/eric/yolo_ros_ws/install/turtlesim/share/turtlesim/images/crystal.png
[14.816s] -- Installing: /home/eric/yolo_ros_ws/install/turtlesim/share/turtlesim/images/dashing.png
[14.816s] -- Installing: /home/eric/yolo_ros_ws/install/turtlesim/share/turtlesim/images/bouncy.png
[14.817s] -- Installing: /home/eric/yolo_ros_ws/install/turtlesim/share/turtlesim/images/ardent.png
[14.817s] -- Installing: /home/eric/yolo_ros_ws/install/turtlesim/share/turtlesim/images/foxy.png
[14.817s] -- Installing: /home/eric/yolo_ros_ws/install/turtlesim/share/turtlesim/launch
[14.817s] -- Installing: /home/eric/yolo_ros_ws/install/turtlesim/share/turtlesim/launch/multisim.launch.py
[14.817s] -- Installing: /home/eric/yolo_ros_ws/install/turtlesim/share/ament_index/resource_index/package_run_dependencies/turtlesim
[14.817s] -- Installing: /home/eric/yolo_ros_ws/install/turtlesim/share/ament_index/resource_index/parent_prefix_path/turtlesim
[14.817s] -- Installing: /home/eric/yolo_ros_ws/install/turtlesim/share/turtlesim/environment/ament_prefix_path.sh
[14.817s] -- Installing: /home/eric/yolo_ros_ws/install/turtlesim/share/turtlesim/environment/ament_prefix_path.dsv
[14.817s] -- Installing: /home/eric/yolo_ros_ws/install/turtlesim/share/turtlesim/environment/path.sh
[14.817s] -- Installing: /home/eric/yolo_ros_ws/install/turtlesim/share/turtlesim/environment/path.dsv
[14.817s] -- Installing: /home/eric/yolo_ros_ws/install/turtlesim/share/turtlesim/local_setup.bash
[14.817s] -- Installing: /home/eric/yolo_ros_ws/install/turtlesim/share/turtlesim/local_setup.sh
[14.817s] -- Installing: /home/eric/yolo_ros_ws/install/turtlesim/share/turtlesim/local_setup.zsh
[14.818s] -- Installing: /home/eric/yolo_ros_ws/install/turtlesim/share/turtlesim/local_setup.dsv
[14.818s] -- Installing: /home/eric/yolo_ros_ws/install/turtlesim/share/turtlesim/package.dsv
[14.818s] -- Installing: /home/eric/yolo_ros_ws/install/turtlesim/share/ament_index/resource_index/packages/turtlesim
[14.818s] -- Installing: /home/eric/yolo_ros_ws/install/turtlesim/share/turtlesim/cmake/turtlesim__rosidl_generator_cExport.cmake
[14.818s] -- Installing: /home/eric/yolo_ros_ws/install/turtlesim/share/turtlesim/cmake/turtlesim__rosidl_generator_cExport-noconfig.cmake
[14.818s] -- Installing: /home/eric/yolo_ros_ws/install/turtlesim/share/turtlesim/cmake/turtlesim__rosidl_typesupport_introspection_cExport.cmake
[14.818s] -- Installing: /home/eric/yolo_ros_ws/install/turtlesim/share/turtlesim/cmake/turtlesim__rosidl_typesupport_introspection_cExport-noconfig.cmake
[14.818s] -- Installing: /home/eric/yolo_ros_ws/install/turtlesim/share/turtlesim/cmake/turtlesim__rosidl_typesupport_cExport.cmake
[14.819s] -- Installing: /home/eric/yolo_ros_ws/install/turtlesim/share/turtlesim/cmake/turtlesim__rosidl_typesupport_cExport-noconfig.cmake
[14.819s] -- Installing: /home/eric/yolo_ros_ws/install/turtlesim/share/turtlesim/cmake/turtlesim__rosidl_generator_cppExport.cmake
[14.819s] -- Installing: /home/eric/yolo_ros_ws/install/turtlesim/share/turtlesim/cmake/turtlesim__rosidl_typesupport_introspection_cppExport.cmake
[14.819s] -- Installing: /home/eric/yolo_ros_ws/install/turtlesim/share/turtlesim/cmake/turtlesim__rosidl_typesupport_introspection_cppExport-noconfig.cmake
[14.819s] -- Installing: /home/eric/yolo_ros_ws/install/turtlesim/share/turtlesim/cmake/turtlesim__rosidl_typesupport_cppExport.cmake
[14.819s] -- Installing: /home/eric/yolo_ros_ws/install/turtlesim/share/turtlesim/cmake/turtlesim__rosidl_typesupport_cppExport-noconfig.cmake
[14.819s] -- Installing: /home/eric/yolo_ros_ws/install/turtlesim/share/turtlesim/cmake/rosidl_cmake-extras.cmake
[14.819s] -- Installing: /home/eric/yolo_ros_ws/install/turtlesim/share/turtlesim/cmake/ament_cmake_export_dependencies-extras.cmake
[14.819s] -- Installing: /home/eric/yolo_ros_ws/install/turtlesim/share/turtlesim/cmake/ament_cmake_export_libraries-extras.cmake
[14.820s] -- Installing: /home/eric/yolo_ros_ws/install/turtlesim/share/turtlesim/cmake/ament_cmake_export_targets-extras.cmake
[14.820s] -- Installing: /home/eric/yolo_ros_ws/install/turtlesim/share/turtlesim/cmake/ament_cmake_export_include_directories-extras.cmake
[14.820s] -- Installing: /home/eric/yolo_ros_ws/install/turtlesim/share/turtlesim/cmake/rosidl_cmake_export_typesupport_libraries-extras.cmake
[14.820s] -- Installing: /home/eric/yolo_ros_ws/install/turtlesim/share/turtlesim/cmake/rosidl_cmake_export_typesupport_targets-extras.cmake
[14.820s] -- Installing: /home/eric/yolo_ros_ws/install/turtlesim/share/turtlesim/cmake/turtlesimConfig.cmake
[14.820s] -- Installing: /home/eric/yolo_ros_ws/install/turtlesim/share/turtlesim/cmake/turtlesimConfig-version.cmake
[14.820s] -- Installing: /home/eric/yolo_ros_ws/install/turtlesim/share/turtlesim/package.xml
[14.822s] Invoked command in '/home/eric/yolo_ros_ws/build/turtlesim' returned '0': CMAKE_PREFIX_PATH=/opt/ros/foxy /usr/bin/cmake --install /home/eric/yolo_ros_ws/build/turtlesim
