[0.476s] Invoking command in '/home/eric/yolo_ros_ws/src/py_pubsub': PYTHONPATH=/home/eric/yolo_ros_ws/install/py_pubsub/lib/python3.8/site-packages:${PYTHONPATH} /usr/bin/python3 setup.py egg_info --egg-base ../../build/py_pubsub build --build-base /home/eric/yolo_ros_ws/build/py_pubsub/build install --prefix /home/eric/yolo_ros_ws/install/py_pubsub --record /home/eric/yolo_ros_ws/build/py_pubsub/install.log --single-version-externally-managed
[0.636s] running egg_info
[0.636s] writing ../../build/py_pubsub/py_pubsub.egg-info/PKG-INFO
[0.636s] writing dependency_links to ../../build/py_pubsub/py_pubsub.egg-info/dependency_links.txt
[0.637s] writing entry points to ../../build/py_pubsub/py_pubsub.egg-info/entry_points.txt
[0.637s] writing requirements to ../../build/py_pubsub/py_pubsub.egg-info/requires.txt
[0.637s] writing top-level names to ../../build/py_pubsub/py_pubsub.egg-info/top_level.txt
[0.662s] reading manifest file '../../build/py_pubsub/py_pubsub.egg-info/SOURCES.txt'
[0.663s] writing manifest file '../../build/py_pubsub/py_pubsub.egg-info/SOURCES.txt'
[0.663s] running build
[0.663s] running build_py
[0.663s] copying py_pubsub/publisher_member_function.py -> /home/eric/yolo_ros_ws/build/py_pubsub/build/lib/py_pubsub
[0.663s] running install
[0.664s] running install_lib
[0.665s] copying /home/eric/yolo_ros_ws/build/py_pubsub/build/lib/py_pubsub/publisher_member_function.py -> /home/eric/yolo_ros_ws/install/py_pubsub/lib/python3.8/site-packages/py_pubsub
[0.665s] byte-compiling /home/eric/yolo_ros_ws/install/py_pubsub/lib/python3.8/site-packages/py_pubsub/publisher_member_function.py to publisher_member_function.cpython-38.pyc
[0.666s] Sorry: IndentationError: unindent does not match any outer indentation level (publisher_member_function.py, line 158)
[0.666s] running install_data
[0.667s] running install_egg_info
[0.668s] removing '/home/eric/yolo_ros_ws/install/py_pubsub/lib/python3.8/site-packages/py_pubsub-0.0.0-py3.8.egg-info' (and everything under it)
[0.668s] Copying ../../build/py_pubsub/py_pubsub.egg-info to /home/eric/yolo_ros_ws/install/py_pubsub/lib/python3.8/site-packages/py_pubsub-0.0.0-py3.8.egg-info
[0.669s] running install_scripts
[0.681s] Installing listener script to /home/eric/yolo_ros_ws/install/py_pubsub/lib/py_pubsub
[0.681s] Installing talker script to /home/eric/yolo_ros_ws/install/py_pubsub/lib/py_pubsub
[0.681s] writing list of installed files to '/home/eric/yolo_ros_ws/build/py_pubsub/install.log'
[0.694s] Invoked command in '/home/eric/yolo_ros_ws/src/py_pubsub' returned '0': PYTHONPATH=/home/eric/yolo_ros_ws/install/py_pubsub/lib/python3.8/site-packages:${PYTHONPATH} /usr/bin/python3 setup.py egg_info --egg-base ../../build/py_pubsub build --build-base /home/eric/yolo_ros_ws/build/py_pubsub/build install --prefix /home/eric/yolo_ros_ws/install/py_pubsub --record /home/eric/yolo_ros_ws/build/py_pubsub/install.log --single-version-externally-managed
