[0.479s] Invoking command in '/home/eric/yolo_ros_ws/src/py_pubsub': PYTHONPATH=/home/eric/yolo_ros_ws/install/py_pubsub/lib/python3.8/site-packages:${PYTHONPATH} /usr/bin/python3 setup.py egg_info --egg-base ../../build/py_pubsub build --build-base /home/eric/yolo_ros_ws/build/py_pubsub/build install --prefix /home/eric/yolo_ros_ws/install/py_pubsub --record /home/eric/yolo_ros_ws/build/py_pubsub/install.log --single-version-externally-managed
[0.638s] running egg_info
[0.638s] writing ../../build/py_pubsub/py_pubsub.egg-info/PKG-INFO
[0.639s] writing dependency_links to ../../build/py_pubsub/py_pubsub.egg-info/dependency_links.txt
[0.639s] writing entry points to ../../build/py_pubsub/py_pubsub.egg-info/entry_points.txt
[0.639s] writing requirements to ../../build/py_pubsub/py_pubsub.egg-info/requires.txt
[0.639s] writing top-level names to ../../build/py_pubsub/py_pubsub.egg-info/top_level.txt
[0.665s] reading manifest file '../../build/py_pubsub/py_pubsub.egg-info/SOURCES.txt'
[0.665s] writing manifest file '../../build/py_pubsub/py_pubsub.egg-info/SOURCES.txt'
[0.665s] running build
[0.666s] running build_py
[0.666s] copying py_pubsub/publisher_member_function.py -> /home/eric/yolo_ros_ws/build/py_pubsub/build/lib/py_pubsub
[0.666s] copying py_pubsub/darknet.py -> /home/eric/yolo_ros_ws/build/py_pubsub/build/lib/py_pubsub
[0.666s] running install
[0.667s] running install_lib
[0.667s] copying /home/eric/yolo_ros_ws/build/py_pubsub/build/lib/py_pubsub/publisher_member_function.py -> /home/eric/yolo_ros_ws/install/py_pubsub/lib/python3.8/site-packages/py_pubsub
[0.668s] copying /home/eric/yolo_ros_ws/build/py_pubsub/build/lib/py_pubsub/darknet.py -> /home/eric/yolo_ros_ws/install/py_pubsub/lib/python3.8/site-packages/py_pubsub
[0.668s] byte-compiling /home/eric/yolo_ros_ws/install/py_pubsub/lib/python3.8/site-packages/py_pubsub/publisher_member_function.py to publisher_member_function.cpython-38.pyc
[0.669s] byte-compiling /home/eric/yolo_ros_ws/install/py_pubsub/lib/python3.8/site-packages/py_pubsub/darknet.py to darknet.cpython-38.pyc
[0.671s] running install_data
[0.671s] running install_egg_info
[0.672s] removing '/home/eric/yolo_ros_ws/install/py_pubsub/lib/python3.8/site-packages/py_pubsub-0.0.0-py3.8.egg-info' (and everything under it)
[0.672s] Copying ../../build/py_pubsub/py_pubsub.egg-info to /home/eric/yolo_ros_ws/install/py_pubsub/lib/python3.8/site-packages/py_pubsub-0.0.0-py3.8.egg-info
[0.673s] running install_scripts
[0.685s] Installing listener script to /home/eric/yolo_ros_ws/install/py_pubsub/lib/py_pubsub
[0.685s] Installing talker script to /home/eric/yolo_ros_ws/install/py_pubsub/lib/py_pubsub
[0.685s] writing list of installed files to '/home/eric/yolo_ros_ws/build/py_pubsub/install.log'
[0.698s] Invoked command in '/home/eric/yolo_ros_ws/src/py_pubsub' returned '0': PYTHONPATH=/home/eric/yolo_ros_ws/install/py_pubsub/lib/python3.8/site-packages:${PYTHONPATH} /usr/bin/python3 setup.py egg_info --egg-base ../../build/py_pubsub build --build-base /home/eric/yolo_ros_ws/build/py_pubsub/build install --prefix /home/eric/yolo_ros_ws/install/py_pubsub --record /home/eric/yolo_ros_ws/build/py_pubsub/install.log --single-version-externally-managed
