[0.485s] Invoking command in '/home/eric/yolo_ros_ws/src/py_pubsub': PYTHONPATH=/home/eric/yolo_ros_ws/install/py_pubsub/lib/python3.8/site-packages:${PYTHONPATH} /usr/bin/python3 setup.py egg_info --egg-base ../../build/py_pubsub build --build-base /home/eric/yolo_ros_ws/build/py_pubsub/build install --prefix /home/eric/yolo_ros_ws/install/py_pubsub --record /home/eric/yolo_ros_ws/build/py_pubsub/install.log --single-version-externally-managed
[0.652s] running egg_info
[0.653s] writing ../../build/py_pubsub/py_pubsub.egg-info/PKG-INFO
[0.653s] writing dependency_links to ../../build/py_pubsub/py_pubsub.egg-info/dependency_links.txt
[0.653s] writing entry points to ../../build/py_pubsub/py_pubsub.egg-info/entry_points.txt
[0.654s] writing requirements to ../../build/py_pubsub/py_pubsub.egg-info/requires.txt
[0.654s] writing top-level names to ../../build/py_pubsub/py_pubsub.egg-info/top_level.txt
[0.679s] reading manifest file '../../build/py_pubsub/py_pubsub.egg-info/SOURCES.txt'
[0.680s] writing manifest file '../../build/py_pubsub/py_pubsub.egg-info/SOURCES.txt'
[0.680s] running build
[0.680s] running build_py
[0.680s] copying py_pubsub/submodule/__init__.py -> /home/eric/yolo_ros_ws/build/py_pubsub/build/lib/py_pubsub/submodule
[0.681s] running install
[0.681s] running install_lib
[0.682s] copying /home/eric/yolo_ros_ws/build/py_pubsub/build/lib/py_pubsub/submodule/__init__.py -> /home/eric/yolo_ros_ws/install/py_pubsub/lib/python3.8/site-packages/py_pubsub/submodule
[0.682s] byte-compiling /home/eric/yolo_ros_ws/install/py_pubsub/lib/python3.8/site-packages/py_pubsub/submodule/__init__.py to __init__.cpython-38.pyc
[0.683s] running install_data
[0.683s] running install_egg_info
[0.684s] removing '/home/eric/yolo_ros_ws/install/py_pubsub/lib/python3.8/site-packages/py_pubsub-0.0.0-py3.8.egg-info' (and everything under it)
[0.685s] Copying ../../build/py_pubsub/py_pubsub.egg-info to /home/eric/yolo_ros_ws/install/py_pubsub/lib/python3.8/site-packages/py_pubsub-0.0.0-py3.8.egg-info
[0.685s] running install_scripts
[0.697s] Installing listener script to /home/eric/yolo_ros_ws/install/py_pubsub/lib/py_pubsub
[0.698s] Installing talker script to /home/eric/yolo_ros_ws/install/py_pubsub/lib/py_pubsub
[0.698s] writing list of installed files to '/home/eric/yolo_ros_ws/build/py_pubsub/install.log'
[0.712s] Invoked command in '/home/eric/yolo_ros_ws/src/py_pubsub' returned '0': PYTHONPATH=/home/eric/yolo_ros_ws/install/py_pubsub/lib/python3.8/site-packages:${PYTHONPATH} /usr/bin/python3 setup.py egg_info --egg-base ../../build/py_pubsub build --build-base /home/eric/yolo_ros_ws/build/py_pubsub/build install --prefix /home/eric/yolo_ros_ws/install/py_pubsub --record /home/eric/yolo_ros_ws/build/py_pubsub/install.log --single-version-externally-managed
